✓ Updated issue: yolo-runner-r5w.3
[main 73bb243] feat: v1: implement beads cli adapter
 4 files changed, 91 insertions(+), 1 deletion(-)
 create mode 100644 runner-logs/beads_yolo_runner.jsonl
 create mode 100644 runner-logs/beads_yolo_runner.last.log
 create mode 100644 runner-logs/opencode/yolo-runner-r5w.3.jsonl
✓ Closed yolo-runner-r5w.3: Closed
→ Loaded 32 local issues from database
→ Loading base state...
  Loaded 29 issues from base state
→ Pulling from remote...
  Loaded 32 remote issues from JSONL
→ Merging base, local, and remote issues (3-way)...
  Merged: 32 issues total
    Local wins: 0, Remote wins: 0, Same: 29, Conflicts (LWW): 3
→ Writing merged state to JSONL...
→ Importing merged state to database...
Import complete: 0 created, 0 updated, 32 unchanged
→ Exporting from database to JSONL...
→ Committing changes...
→ Pushing to remote...
→ Updating base state...
  Saved 32 issues to base state

✓ Sync complete
Starting yolo-runner-r5w.3: v1: Implement Beads CLI adapter
OpenCode finished in 148.9s
Completed 1 tasks
